<?xml version="1.0" encoding="UTF-8"?>
<testsuite name="com.back.CalcTest" tests="14" skipped="0" failures="0" errors="0" timestamp="2025-06-03T04:17:07" hostname="chaehyemin-ui-noteubug.local" time="0.038">
  <properties/>
  <testcase name="1 + 1 == 2" classname="com.back.CalcTest" time="0.026"/>
  <testcase name="2 + 1 == 3" classname="com.back.CalcTest" time="0.0"/>
  <testcase name="2 + 2 == 4" classname="com.back.CalcTest" time="0.0"/>
  <testcase name="1000 + 280 == 1280" classname="com.back.CalcTest" time="0.0"/>
  <testcase name="2 - 1 == 1" classname="com.back.CalcTest" time="0.0"/>
  <testcase name="3 - 1 == 2" classname="com.back.CalcTest" time="0.0"/>
  <testcase name="100 - 20 == 80" classname="com.back.CalcTest" time="0.0"/>
  <testcase name="10 + 20 + 30 == 60" classname="com.back.CalcTest" time="0.0"/>
  <testcase name="10 - 20 + 30 == 20" classname="com.back.CalcTest" time="0.0"/>
  <testcase name="10 - 10 - 10 - 10 == -20" classname="com.back.CalcTest" time="0.001"/>
  <testcase name="10 - 10 - 10 - 10 + 10 + 10 - 10 == -10" classname="com.back.CalcTest" time="0.0"/>
  <testcase name="10 * 10 == 100" classname="com.back.CalcTest" time="0.0"/>
  <testcase name="10 * -10 == -100" classname="com.back.CalcTest" time="0.001"/>
  <testcase name="10 * 10 * 10 == 1000" classname="com.back.CalcTest" time="0.0"/>
  <system-out><![CDATA[]]></system-out>
  <system-err><![CDATA[]]></system-err>
</testsuite>
